

Version:	3.50
CmdLine:	C:\Users\User\Documents\CODIGOS\Sabotage Station\Sabotage Station.exe --l4j-debug
JNI:		No
WOW64:		Yes
Working dir:	C:\Users\User\Documents\CODIGOS\Sabotage Station\.
Requires JDK:	No
Requires 64-Bit: Yes
Java min ver:	1.000.000
Java max ver:	
JRE paths:	JRE\jdk-23
Check launcher:	C:\Users\User\Documents\CODIGOS\Sabotage Station\JRE\jdk-23\bin\javaw.exe (not found)
64-bit search:	SOFTWARE\JavaSoft\Java Runtime Environment...
64-bit search:	SOFTWARE\JavaSoft\Java Development Kit...
64-bit search:	SOFTWARE\JavaSoft\JRE...
64-bit search:	SOFTWARE\JavaSoft\JDK...
Check:		SOFTWARE\JavaSoft\JDK\23
Version string: 1.023.000 / 64-Bit (OK)
Check launcher:	C:\Program Files\Java\jdk-23\bin\javaw.exe (OK)
Match:		1.023.000
Runtime used:	1.023.000 (64-bit)
Launcher:	C:\Program Files\Java\jdk-23\bin\javaw.exe
Launcher args:	-jar "C:\Users\User\Documents\CODIGOS\Sabotage Station\Sabotage Station.exe"
Args length:	76/32768 chars
Exit code:	0
